;  LST file generated by mikroListExporter - v.2.0 
; Date/Time: 06/09/2024 08:24:35 a. m.
;----------------------------------------------

;Address Opcode 	ASM
____SysVT:
0x0000	0xFFFC2001  	537001980
0x0004	0x06C90000  	1737
0x0008	0x030D0000  	781
0x000C	0x030D0000  	781
0x0010	0x030D0000  	781
0x0014	0x030D0000  	781
0x0018	0x030D0000  	781
0x001C	0x030D0000  	781
0x0020	0x030D0000  	781
0x0024	0x030D0000  	781
0x0028	0x030D0000  	781
0x002C	0x030D0000  	781
0x0030	0x030D0000  	781
0x0034	0x030D0000  	781
0x0038	0x030D0000  	781
0x003C	0x030D0000  	781
0x0040	0x030D0000  	781
0x0044	0x030D0000  	781
0x0048	0x030D0000  	781
0x004C	0x030D0000  	781
0x0050	0x030D0000  	781
0x0054	0x030D0000  	781
0x0058	0x030D0000  	781
0x005C	0x030D0000  	781
0x0060	0x030D0000  	781
0x0064	0x030D0000  	781
0x0068	0x030D0000  	781
0x006C	0x030D0000  	781
0x0070	0x030D0000  	781
0x0074	0x030D0000  	781
0x0078	0x030D0000  	781
0x007C	0x030D0000  	781
0x0080	0x030D0000  	781
0x0084	0x030D0000  	781
0x0088	0x030D0000  	781
0x008C	0x030D0000  	781
0x0090	0x030D0000  	781
0x0094	0x030D0000  	781
0x0098	0x030D0000  	781
0x009C	0x030D0000  	781
0x00A0	0x030D0000  	781
0x00A4	0x030D0000  	781
0x00A8	0x030D0000  	781
0x00AC	0x030D0000  	781
0x00B0	0x030D0000  	781
0x00B4	0x030D0000  	781
0x00B8	0x030D0000  	781
0x00BC	0x030D0000  	781
0x00C0	0x030D0000  	781
0x00C4	0x030D0000  	781
0x00C8	0x030D0000  	781
0x00CC	0x030D0000  	781
0x00D0	0x030D0000  	781
0x00D4	0x030D0000  	781
0x00D8	0x030D0000  	781
0x00DC	0x030D0000  	781
0x00E0	0x030D0000  	781
0x00E4	0x030D0000  	781
0x00E8	0x030D0000  	781
0x00EC	0x030D0000  	781
0x00F0	0x030D0000  	781
0x00F4	0x030D0000  	781
0x00F8	0x030D0000  	781
0x00FC	0x030D0000  	781
0x0100	0x030D0000  	781
0x0104	0x030D0000  	781
0x0108	0x030D0000  	781
0x010C	0x030D0000  	781
0x0110	0x030D0000  	781
0x0114	0x030D0000  	781
0x0118	0x030D0000  	781
0x011C	0x030D0000  	781
0x0120	0x030D0000  	781
0x0124	0x030D0000  	781
0x0128	0x030D0000  	781
0x012C	0x030D0000  	781
0x0130	0x030D0000  	781
0x0134	0x030D0000  	781
0x0138	0x030D0000  	781
0x013C	0x030D0000  	781
0x0140	0x030D0000  	781
0x0144	0x030D0000  	781
0x0148	0x030D0000  	781
0x014C	0x030D0000  	781
0x0150	0x030D0000  	781
0x0154	0x030D0000  	781
0x0158	0x030D0000  	781
0x015C	0x030D0000  	781
0x0160	0x030D0000  	781
0x0164	0x030D0000  	781
0x0168	0x030D0000  	781
0x016C	0x030D0000  	781
0x0170	0x030D0000  	781
0x0174	0x030D0000  	781
0x0178	0x030D0000  	781
0x017C	0x030D0000  	781
0x0180	0x030D0000  	781
0x0184	0x030D0000  	781
0x0188	0x030D0000  	781
0x018C	0x030D0000  	781
0x0190	0x030D0000  	781
0x0194	0x030D0000  	781
; end of ____SysVT
_main:
;SwLEDc.c, 46 :: 		void main()
0x06C8	0xF7FFFE4C  BL	868
0x06CC	0xF7FFFE22  BL	788
0x06D0	0xF000F814  BL	1788
0x06D4	0xF7FFFE34  BL	832
;SwLEDc.c, 48 :: 		ini_puertos();
0x06D8	0xF7FFFDDA  BL	_ini_puertos+0
;SwLEDc.c, 50 :: 		while(1)
L_main5:
;SwLEDc.c, 52 :: 		boton();
0x06DC	0xF7FFFD5C  BL	_boton+0
;SwLEDc.c, 53 :: 		Delay_ms(1);
0x06E0	0xF2482733  MOVW	R7, #33331
0x06E4	0xF2C00700  MOVT	R7, #0
L_main7:
0x06E8	0x1E7F    SUBS	R7, R7, #1
0x06EA	0xD1FD    BNE	L_main7
0x06EC	0xBF00    NOP
0x06EE	0xBF00    NOP
0x06F0	0xBF00    NOP
0x06F2	0xBF00    NOP
0x06F4	0xBF00    NOP
0x06F6	0xBF00    NOP
;SwLEDc.c, 54 :: 		}
0x06F8	0xE7F0    B	L_main5
;SwLEDc.c, 55 :: 		}
L_end_main:
L__main_end_loop:
0x06FA	0xE7FE    B	L__main_end_loop
; end of _main
___FillZeros:
;__Lib_System_4XX.c, 86 :: 		
0x0254	0xB081    SUB	SP, SP, #4
;__Lib_System_4XX.c, 88 :: 		
0x0256	0xF04F0900  MOV	R9, #0
;__Lib_System_4XX.c, 89 :: 		
0x025A	0xF04F0C00  MOV	R12, #0
;__Lib_System_4XX.c, 90 :: 		
0x025E	0xEBBD0F0A  CMP	SP, R10, LSL #0
;__Lib_System_4XX.c, 91 :: 		
0x0262	0xDC04    BGT	L_loopFZs
;__Lib_System_4XX.c, 92 :: 		
0x0264	0xEBBD0F0B  CMP	SP, R11, LSL #0
;__Lib_System_4XX.c, 93 :: 		
0x0268	0xDB01    BLT	L_loopFZs
;__Lib_System_4XX.c, 94 :: 		
0x026A	0x46D4    MOV	R12, R10
;__Lib_System_4XX.c, 95 :: 		
0x026C	0x46EA    MOV	R10, SP
;__Lib_System_4XX.c, 96 :: 		
L_loopFZs:
;__Lib_System_4XX.c, 97 :: 		
0x026E	0xF84B9B04  STR	R9, [R11], #4
;__Lib_System_4XX.c, 98 :: 		
0x0272	0xEBBB0F0A  CMP	R11, R10, LSL #0
;__Lib_System_4XX.c, 99 :: 		
0x0276	0xD1FA    BNE	L_loopFZs
;__Lib_System_4XX.c, 100 :: 		
0x0278	0xEBBC0F0A  CMP	R12, R10, LSL #0
;__Lib_System_4XX.c, 101 :: 		
0x027C	0xDD05    BLE	L_norep
;__Lib_System_4XX.c, 102 :: 		
0x027E	0x46E2    MOV	R10, R12
;__Lib_System_4XX.c, 103 :: 		
0x0280	0xF8D9B000  LDR	R11, [R9, #0]
;__Lib_System_4XX.c, 104 :: 		
0x0284	0xF10B0B04  ADD	R11, R11, #4
;__Lib_System_4XX.c, 105 :: 		
0x0288	0xE7F1    B	L_loopFZs
;__Lib_System_4XX.c, 106 :: 		
L_norep:
;__Lib_System_4XX.c, 108 :: 		
L_end___FillZeros:
0x028A	0xB001    ADD	SP, SP, #4
0x028C	0x4770    BX	LR
; end of ___FillZeros
_ini_puertos:
;SwLEDc.c, 7 :: 		void ini_puertos(void)
;SwLEDc.c, 9 :: 		RCC_AHB1ENRbits.GPIOAEN = 1;
0x0290	0x2301    MOVS	R3, #1
0x0292	0xB25B    SXTB	R3, R3
0x0294	0x4814    LDR	R0, [PC, #80]
0x0296	0x6003    STR	R3, [R0, #0]
;SwLEDc.c, 10 :: 		GPIOA_MODERbits.MODER0 = 0b00;
0x0298	0x2200    MOVS	R2, #0
0x029A	0x4914    LDR	R1, [PC, #80]
0x029C	0x7808    LDRB	R0, [R1, #0]
0x029E	0xF3620001  BFI	R0, R2, #0, #2
0x02A2	0x7008    STRB	R0, [R1, #0]
;SwLEDc.c, 11 :: 		GPIOA_PUPDRbits.PUPDR0 = 0b01;
0x02A4	0x2201    MOVS	R2, #1
0x02A6	0x4912    LDR	R1, [PC, #72]
0x02A8	0x7808    LDRB	R0, [R1, #0]
0x02AA	0xF3620001  BFI	R0, R2, #0, #2
0x02AE	0x7008    STRB	R0, [R1, #0]
;SwLEDc.c, 13 :: 		RCC_AHB1ENRbits.GPIOCEN = 1;
0x02B0	0x4810    LDR	R0, [PC, #64]
0x02B2	0x6003    STR	R3, [R0, #0]
;SwLEDc.c, 14 :: 		GPIOC_MODERbits.MODER13 = 0b01;
0x02B4	0x2201    MOVS	R2, #1
0x02B6	0x4910    LDR	R1, [PC, #64]
0x02B8	0x6808    LDR	R0, [R1, #0]
0x02BA	0xF362609B  BFI	R0, R2, #26, #2
0x02BE	0x6008    STR	R0, [R1, #0]
;SwLEDc.c, 15 :: 		GPIOC_OTYPERbits.OT13 = 0b0;
0x02C0	0x2300    MOVS	R3, #0
0x02C2	0xB25B    SXTB	R3, R3
0x02C4	0x480D    LDR	R0, [PC, #52]
0x02C6	0x6003    STR	R3, [R0, #0]
;SwLEDc.c, 16 :: 		GPIOC_OSPEEDRbits.OSPEEDR13 = 0b11;
0x02C8	0x2203    MOVS	R2, #3
0x02CA	0x490D    LDR	R1, [PC, #52]
0x02CC	0x6808    LDR	R0, [R1, #0]
0x02CE	0xF362609B  BFI	R0, R2, #26, #2
0x02D2	0x6008    STR	R0, [R1, #0]
;SwLEDc.c, 17 :: 		GPIOC_PUPDRbits.PUPDR13 = 0b00;
0x02D4	0x2200    MOVS	R2, #0
0x02D6	0x490B    LDR	R1, [PC, #44]
0x02D8	0x6808    LDR	R0, [R1, #0]
0x02DA	0xF362609B  BFI	R0, R2, #26, #2
0x02DE	0x6008    STR	R0, [R1, #0]
;SwLEDc.c, 18 :: 		led = 0;  // led on
0x02E0	0x4809    LDR	R0, [PC, #36]
0x02E2	0x6003    STR	R3, [R0, #0]
;SwLEDc.c, 19 :: 		}
L_end_ini_puertos:
0x02E4	0x4770    BX	LR
0x02E6	0xBF00    NOP
0x02E8	0x06004247  	RCC_AHB1ENRbits+0
0x02EC	0x00004002  	GPIOA_MODERbits+0
0x02F0	0x000C4002  	GPIOA_PUPDRbits+0
0x02F4	0x06084247  	RCC_AHB1ENRbits+0
0x02F8	0x08004002  	GPIOC_MODERbits+0
0x02FC	0x00B44241  	GPIOC_OTYPERbits+0
0x0300	0x08084002  	GPIOC_OSPEEDRbits+0
0x0304	0x080C4002  	GPIOC_PUPDRbits+0
0x0308	0x02B44241  	GPIOC_ODR+0
; end of _ini_puertos
_boton:
;SwLEDc.c, 21 :: 		void boton(void)
;SwLEDc.c, 23 :: 		if(flagx)
0x0198	0x4912    LDR	R1, [PC, #72]
0x019A	0x6808    LDR	R0, [R1, #0]
0x019C	0xB180    CBZ	R0, L_boton0
;SwLEDc.c, 25 :: 		contx--;
0x019E	0x4912    LDR	R1, [PC, #72]
0x01A0	0x7808    LDRB	R0, [R1, #0]
0x01A2	0x1E40    SUBS	R0, R0, #1
0x01A4	0xB2C0    UXTB	R0, R0
0x01A6	0x7008    STRB	R0, [R1, #0]
;SwLEDc.c, 26 :: 		if(!contx)
0x01A8	0xB948    CBNZ	R0, L_boton1
;SwLEDc.c, 28 :: 		contx = 10;
0x01AA	0x210A    MOVS	R1, #10
0x01AC	0x480E    LDR	R0, [PC, #56]
0x01AE	0x7001    STRB	R1, [R0, #0]
;SwLEDc.c, 29 :: 		if(sw)
0x01B0	0x480E    LDR	R0, [PC, #56]
0x01B2	0x6800    LDR	R0, [R0, #0]
0x01B4	0xB118    CBZ	R0, L_boton2
;SwLEDc.c, 30 :: 		flagx = 0;
0x01B6	0x2100    MOVS	R1, #0
0x01B8	0xB249    SXTB	R1, R1
0x01BA	0x480A    LDR	R0, [PC, #40]
0x01BC	0x6001    STR	R1, [R0, #0]
L_boton2:
;SwLEDc.c, 31 :: 		}
L_boton1:
;SwLEDc.c, 32 :: 		}
0x01BE	0xE00F    B	L_boton3
L_boton0:
;SwLEDc.c, 35 :: 		if(!sw)
0x01C0	0x480A    LDR	R0, [PC, #40]
0x01C2	0x6800    LDR	R0, [R0, #0]
0x01C4	0xB960    CBNZ	R0, L_boton4
;SwLEDc.c, 37 :: 		led = ~led;
0x01C6	0x490A    LDR	R1, [PC, #40]
0x01C8	0x6808    LDR	R0, [R1, #0]
0x01CA	0xF0800001  EOR	R0, R0, #1
0x01CE	0xB2C0    UXTB	R0, R0
0x01D0	0x6008    STR	R0, [R1, #0]
;SwLEDc.c, 38 :: 		flagx = 1;
0x01D2	0x2101    MOVS	R1, #1
0x01D4	0xB249    SXTB	R1, R1
0x01D6	0x4803    LDR	R0, [PC, #12]
0x01D8	0x6001    STR	R1, [R0, #0]
;SwLEDc.c, 39 :: 		contx = 10;
0x01DA	0x210A    MOVS	R1, #10
0x01DC	0x4802    LDR	R0, [PC, #8]
0x01DE	0x7001    STRB	R1, [R0, #0]
;SwLEDc.c, 40 :: 		}
L_boton4:
;SwLEDc.c, 41 :: 		}
L_boton3:
;SwLEDc.c, 42 :: 		}
L_end_boton:
0x01E0	0x4770    BX	LR
0x01E2	0xBF00    NOP
0x01E4	0x00002200  	_flagx+0
0x01E8	0x00012000  	_contx+0
0x01EC	0x02004240  	GPIOA_IDR+0
0x01F0	0x02B44241  	GPIOC_ODR+0
; end of _boton
___CC2DW:
;__Lib_System_4XX.c, 44 :: 		
0x01F4	0xB081    SUB	SP, SP, #4
;__Lib_System_4XX.c, 46 :: 		
L_loopDW:
;__Lib_System_4XX.c, 47 :: 		
0x01F6	0xF81C9B01  LDRB	R9, [R12], #1
;__Lib_System_4XX.c, 48 :: 		
0x01FA	0xF80B9B01  STRB	R9, [R11], #1
;__Lib_System_4XX.c, 49 :: 		
0x01FE	0xEBBB0F0A  CMP	R11, R10, LSL #0
;__Lib_System_4XX.c, 50 :: 		
0x0202	0xD1F8    BNE	L_loopDW
;__Lib_System_4XX.c, 52 :: 		
L_end___CC2DW:
0x0204	0xB001    ADD	SP, SP, #4
0x0206	0x4770    BX	LR
; end of ___CC2DW
__Lib_System_4XX_InitialSetUpRCCRCC2:
;__Lib_System_4XX.c, 465 :: 		
0x0364	0xB082    SUB	SP, SP, #8
0x0366	0xF8CDE000  STR	LR, [SP, #0]
;__Lib_System_4XX.c, 468 :: 		
; ulRCC_CR start address is: 8 (R2)
0x036A	0x4A92    LDR	R2, [PC, #584]
;__Lib_System_4XX.c, 469 :: 		
; ulRCC_PLLCFGR start address is: 12 (R3)
0x036C	0x4B92    LDR	R3, [PC, #584]
;__Lib_System_4XX.c, 470 :: 		
; ulRCC_CFGR start address is: 16 (R4)
0x036E	0x4C93    LDR	R4, [PC, #588]
;__Lib_System_4XX.c, 471 :: 		
; ulVOLTAGE_RANGE start address is: 0 (R0)
0x0370	0x4893    LDR	R0, [PC, #588]
;__Lib_System_4XX.c, 472 :: 		
; Fosc_kHz start address is: 4 (R1)
0x0372	0x4994    LDR	R1, [PC, #592]
;__Lib_System_4XX.c, 474 :: 		
0x0374	0x2803    CMP	R0, #3
0x0376	0xF040803C  BNE	L___Lib_System_4XX_InitialSetUpRCCRCC234
; ulVOLTAGE_RANGE end address is: 0 (R0)
;__Lib_System_4XX.c, 475 :: 		
0x037A	0x4893    LDR	R0, [PC, #588]
0x037C	0x4281    CMP	R1, R0
0x037E	0xD906    BLS	L___Lib_System_4XX_InitialSetUpRCCRCC235
; Fosc_kHz end address is: 4 (R1)
;__Lib_System_4XX.c, 476 :: 		
0x0380	0x4892    LDR	R0, [PC, #584]
0x0382	0x6800    LDR	R0, [R0, #0]
0x0384	0xF0400105  ORR	R1, R0, #5
0x0388	0x4890    LDR	R0, [PC, #576]
0x038A	0x6001    STR	R1, [R0, #0]
0x038C	0xE030    B	L___Lib_System_4XX_InitialSetUpRCCRCC236
L___Lib_System_4XX_InitialSetUpRCCRCC235:
;__Lib_System_4XX.c, 477 :: 		
; Fosc_kHz start address is: 4 (R1)
0x038E	0x4890    LDR	R0, [PC, #576]
0x0390	0x4281    CMP	R1, R0
0x0392	0xD906    BLS	L___Lib_System_4XX_InitialSetUpRCCRCC237
; Fosc_kHz end address is: 4 (R1)
;__Lib_System_4XX.c, 478 :: 		
0x0394	0x488D    LDR	R0, [PC, #564]
0x0396	0x6800    LDR	R0, [R0, #0]
0x0398	0xF0400104  ORR	R1, R0, #4
0x039C	0x488B    LDR	R0, [PC, #556]
0x039E	0x6001    STR	R1, [R0, #0]
0x03A0	0xE026    B	L___Lib_System_4XX_InitialSetUpRCCRCC238
L___Lib_System_4XX_InitialSetUpRCCRCC237:
;__Lib_System_4XX.c, 479 :: 		
; Fosc_kHz start address is: 4 (R1)
0x03A2	0x488C    LDR	R0, [PC, #560]
0x03A4	0x4281    CMP	R1, R0
0x03A6	0xD906    BLS	L___Lib_System_4XX_InitialSetUpRCCRCC239
; Fosc_kHz end address is: 4 (R1)
;__Lib_System_4XX.c, 480 :: 		
0x03A8	0x4888    LDR	R0, [PC, #544]
0x03AA	0x6800    LDR	R0, [R0, #0]
0x03AC	0xF0400103  ORR	R1, R0, #3
0x03B0	0x4886    LDR	R0, [PC, #536]
0x03B2	0x6001    STR	R1, [R0, #0]
0x03B4	0xE01C    B	L___Lib_System_4XX_InitialSetUpRCCRCC240
L___Lib_System_4XX_InitialSetUpRCCRCC239:
;__Lib_System_4XX.c, 481 :: 		
; Fosc_kHz start address is: 4 (R1)
0x03B6	0xF64E2060  MOVW	R0, #60000
0x03BA	0x4281    CMP	R1, R0
0x03BC	0xD906    BLS	L___Lib_System_4XX_InitialSetUpRCCRCC241
; Fosc_kHz end address is: 4 (R1)
;__Lib_System_4XX.c, 482 :: 		
0x03BE	0x4883    LDR	R0, [PC, #524]
0x03C0	0x6800    LDR	R0, [R0, #0]
0x03C2	0xF0400102  ORR	R1, R0, #2
0x03C6	0x4881    LDR	R0, [PC, #516]
0x03C8	0x6001    STR	R1, [R0, #0]
0x03CA	0xE011    B	L___Lib_System_4XX_InitialSetUpRCCRCC242
L___Lib_System_4XX_InitialSetUpRCCRCC241:
;__Lib_System_4XX.c, 483 :: 		
; Fosc_kHz start address is: 4 (R1)
0x03CC	0xF2475030  MOVW	R0, #30000
0x03D0	0x4281    CMP	R1, R0
0x03D2	0xD906    BLS	L___Lib_System_4XX_InitialSetUpRCCRCC243
; Fosc_kHz end address is: 4 (R1)
;__Lib_System_4XX.c, 484 :: 		
0x03D4	0x487D    LDR	R0, [PC, #500]
0x03D6	0x6800    LDR	R0, [R0, #0]
0x03D8	0xF0400101  ORR	R1, R0, #1
0x03DC	0x487B    LDR	R0, [PC, #492]
0x03DE	0x6001    STR	R1, [R0, #0]
0x03E0	0xE006    B	L___Lib_System_4XX_InitialSetUpRCCRCC244
L___Lib_System_4XX_InitialSetUpRCCRCC243:
;__Lib_System_4XX.c, 486 :: 		
0x03E2	0x487A    LDR	R0, [PC, #488]
0x03E4	0x6801    LDR	R1, [R0, #0]
0x03E6	0xF06F0007  MVN	R0, #7
0x03EA	0x4001    ANDS	R1, R0
0x03EC	0x4877    LDR	R0, [PC, #476]
0x03EE	0x6001    STR	R1, [R0, #0]
L___Lib_System_4XX_InitialSetUpRCCRCC244:
L___Lib_System_4XX_InitialSetUpRCCRCC242:
L___Lib_System_4XX_InitialSetUpRCCRCC240:
L___Lib_System_4XX_InitialSetUpRCCRCC238:
L___Lib_System_4XX_InitialSetUpRCCRCC236:
;__Lib_System_4XX.c, 487 :: 		
0x03F0	0xE10C    B	L___Lib_System_4XX_InitialSetUpRCCRCC245
L___Lib_System_4XX_InitialSetUpRCCRCC234:
;__Lib_System_4XX.c, 488 :: 		
; Fosc_kHz start address is: 4 (R1)
; ulVOLTAGE_RANGE start address is: 0 (R0)
0x03F2	0x2802    CMP	R0, #2
0x03F4	0xF0408046  BNE	L___Lib_System_4XX_InitialSetUpRCCRCC246
; ulVOLTAGE_RANGE end address is: 0 (R0)
;__Lib_System_4XX.c, 489 :: 		
0x03F8	0x4877    LDR	R0, [PC, #476]
0x03FA	0x4281    CMP	R1, R0
0x03FC	0xD906    BLS	L___Lib_System_4XX_InitialSetUpRCCRCC247
; Fosc_kHz end address is: 4 (R1)
;__Lib_System_4XX.c, 490 :: 		
0x03FE	0x4873    LDR	R0, [PC, #460]
0x0400	0x6800    LDR	R0, [R0, #0]
0x0402	0xF0400106  ORR	R1, R0, #6
0x0406	0x4871    LDR	R0, [PC, #452]
0x0408	0x6001    STR	R1, [R0, #0]
0x040A	0xE03A    B	L___Lib_System_4XX_InitialSetUpRCCRCC248
L___Lib_System_4XX_InitialSetUpRCCRCC247:
;__Lib_System_4XX.c, 491 :: 		
; Fosc_kHz start address is: 4 (R1)
0x040C	0x4870    LDR	R0, [PC, #448]
0x040E	0x4281    CMP	R1, R0
0x0410	0xD906    BLS	L___Lib_System_4XX_InitialSetUpRCCRCC249
; Fosc_kHz end address is: 4 (R1)
;__Lib_System_4XX.c, 492 :: 		
0x0412	0x486E    LDR	R0, [PC, #440]
0x0414	0x6800    LDR	R0, [R0, #0]
0x0416	0xF0400105  ORR	R1, R0, #5
0x041A	0x486C    LDR	R0, [PC, #432]
0x041C	0x6001    STR	R1, [R0, #0]
0x041E	0xE030    B	L___Lib_System_4XX_InitialSetUpRCCRCC250
L___Lib_System_4XX_InitialSetUpRCCRCC249:
;__Lib_System_4XX.c, 493 :: 		
; Fosc_kHz start address is: 4 (R1)
0x0420	0x486E    LDR	R0, [PC, #440]
0x0422	0x4281    CMP	R1, R0
0x0424	0xD906    BLS	L___Lib_System_4XX_InitialSetUpRCCRCC251
; Fosc_kHz end address is: 4 (R1)
;__Lib_System_4XX.c, 494 :: 		
0x0426	0x4869    LDR	R0, [PC, #420]
0x0428	0x6800    LDR	R0, [R0, #0]
0x042A	0xF0400104  ORR	R1, R0, #4
0x042E	0x4867    LDR	R0, [PC, #412]
0x0430	0x6001    STR	R1, [R0, #0]
0x0432	0xE026    B	L___Lib_System_4XX_InitialSetUpRCCRCC252
L___Lib_System_4XX_InitialSetUpRCCRCC251:
;__Lib_System_4XX.c, 495 :: 		
; Fosc_kHz start address is: 4 (R1)
0x0434	0x486A    LDR	R0, [PC, #424]
0x0436	0x4281    CMP	R1, R0
0x0438	0xD906    BLS	L___Lib_System_4XX_InitialSetUpRCCRCC253
; Fosc_kHz end address is: 4 (R1)
;__Lib_System_4XX.c, 496 :: 		
0x043A	0x4864    LDR	R0, [PC, #400]
0x043C	0x6800    LDR	R0, [R0, #0]
0x043E	0xF0400103  ORR	R1, R0, #3
0x0442	0x4862    LDR	R0, [PC, #392]
0x0444	0x6001    STR	R1, [R0, #0]
0x0446	0xE01C    B	L___Lib_System_4XX_InitialSetUpRCCRCC254
L___Lib_System_4XX_InitialSetUpRCCRCC253:
;__Lib_System_4XX.c, 497 :: 		
; Fosc_kHz start address is: 4 (R1)
0x0448	0xF64B3080  MOVW	R0, #48000
0x044C	0x4281    CMP	R1, R0
0x044E	0xD906    BLS	L___Lib_System_4XX_InitialSetUpRCCRCC255
; Fosc_kHz end address is: 4 (R1)
;__Lib_System_4XX.c, 498 :: 		
0x0450	0x485E    LDR	R0, [PC, #376]
0x0452	0x6800    LDR	R0, [R0, #0]
0x0454	0xF0400102  ORR	R1, R0, #2
0x0458	0x485C    LDR	R0, [PC, #368]
0x045A	0x6001    STR	R1, [R0, #0]
0x045C	0xE011    B	L___Lib_System_4XX_InitialSetUpRCCRCC256
L___Lib_System_4XX_InitialSetUpRCCRCC255:
;__Lib_System_4XX.c, 499 :: 		
; Fosc_kHz start address is: 4 (R1)
0x045E	0xF64550C0  MOVW	R0, #24000
0x0462	0x4281    CMP	R1, R0
0x0464	0xD906    BLS	L___Lib_System_4XX_InitialSetUpRCCRCC257
; Fosc_kHz end address is: 4 (R1)
;__Lib_System_4XX.c, 500 :: 		
0x0466	0x4859    LDR	R0, [PC, #356]
0x0468	0x6800    LDR	R0, [R0, #0]
0x046A	0xF0400101  ORR	R1, R0, #1
0x046E	0x4857    LDR	R0, [PC, #348]
0x0470	0x6001    STR	R1, [R0, #0]
0x0472	0xE006    B	L___Lib_System_4XX_InitialSetUpRCCRCC258
L___Lib_System_4XX_InitialSetUpRCCRCC257:
;__Lib_System_4XX.c, 502 :: 		
0x0474	0x4855    LDR	R0, [PC, #340]
0x0476	0x6801    LDR	R1, [R0, #0]
0x0478	0xF06F0007  MVN	R0, #7
0x047C	0x4001    ANDS	R1, R0
0x047E	0x4853    LDR	R0, [PC, #332]
0x0480	0x6001    STR	R1, [R0, #0]
L___Lib_System_4XX_InitialSetUpRCCRCC258:
L___Lib_System_4XX_InitialSetUpRCCRCC256:
L___Lib_System_4XX_InitialSetUpRCCRCC254:
L___Lib_System_4XX_InitialSetUpRCCRCC252:
L___Lib_System_4XX_InitialSetUpRCCRCC250:
L___Lib_System_4XX_InitialSetUpRCCRCC248:
;__Lib_System_4XX.c, 503 :: 		
0x0482	0xE0C3    B	L___Lib_System_4XX_InitialSetUpRCCRCC259
L___Lib_System_4XX_InitialSetUpRCCRCC246:
;__Lib_System_4XX.c, 504 :: 		
; Fosc_kHz start address is: 4 (R1)
; ulVOLTAGE_RANGE start address is: 0 (R0)
0x0484	0x2801    CMP	R0, #1
0x0486	0xF0408051  BNE	L___Lib_System_4XX_InitialSetUpRCCRCC260
; ulVOLTAGE_RANGE end address is: 0 (R0)
;__Lib_System_4XX.c, 505 :: 		
0x048A	0x4851    LDR	R0, [PC, #324]
0x048C	0x4281    CMP	R1, R0
0x048E	0xD906    BLS	L___Lib_System_4XX_InitialSetUpRCCRCC261
; Fosc_kHz end address is: 4 (R1)
;__Lib_System_4XX.c, 506 :: 		
0x0490	0x484E    LDR	R0, [PC, #312]
0x0492	0x6800    LDR	R0, [R0, #0]
0x0494	0xF0400107  ORR	R1, R0, #7
0x0498	0x484C    LDR	R0, [PC, #304]
0x049A	0x6001    STR	R1, [R0, #0]
0x049C	0xE045    B	L___Lib_System_4XX_InitialSetUpRCCRCC262
L___Lib_System_4XX_InitialSetUpRCCRCC261:
;__Lib_System_4XX.c, 507 :: 		
; Fosc_kHz start address is: 4 (R1)
0x049E	0x4851    LDR	R0, [PC, #324]
0x04A0	0x4281    CMP	R1, R0
0x04A2	0xD906    BLS	L___Lib_System_4XX_InitialSetUpRCCRCC263
; Fosc_kHz end address is: 4 (R1)
;__Lib_System_4XX.c, 508 :: 		
0x04A4	0x4849    LDR	R0, [PC, #292]
0x04A6	0x6800    LDR	R0, [R0, #0]
0x04A8	0xF0400106  ORR	R1, R0, #6
0x04AC	0x4847    LDR	R0, [PC, #284]
0x04AE	0x6001    STR	R1, [R0, #0]
0x04B0	0xE03B    B	L___Lib_System_4XX_InitialSetUpRCCRCC264
L___Lib_System_4XX_InitialSetUpRCCRCC263:
;__Lib_System_4XX.c, 509 :: 		
; Fosc_kHz start address is: 4 (R1)
0x04B2	0x4848    LDR	R0, [PC, #288]
0x04B4	0x4281    CMP	R1, R0
0x04B6	0xD906    BLS	L___Lib_System_4XX_InitialSetUpRCCRCC265
; Fosc_kHz end address is: 4 (R1)
;__Lib_System_4XX.c, 510 :: 		
0x04B8	0x4844    LDR	R0, [PC, #272]
0x04BA	0x6800    LDR	R0, [R0, #0]
0x04BC	0xF0400105  ORR	R1, R0, #5
0x04C0	0x4842    LDR	R0, [PC, #264]
0x04C2	0x6001    STR	R1, [R0, #0]
0x04C4	0xE031    B	L___Lib_System_4XX_InitialSetUpRCCRCC266
L___Lib_System_4XX_InitialSetUpRCCRCC265:
;__Lib_System_4XX.c, 511 :: 		
; Fosc_kHz start address is: 4 (R1)
0x04C6	0x4846    LDR	R0, [PC, #280]
0x04C8	0x4281    CMP	R1, R0
0x04CA	0xD906    BLS	L___Lib_System_4XX_InitialSetUpRCCRCC267
; Fosc_kHz end address is: 4 (R1)
;__Lib_System_4XX.c, 512 :: 		
0x04CC	0x483F    LDR	R0, [PC, #252]
0x04CE	0x6800    LDR	R0, [R0, #0]
0x04D0	0xF0400104  ORR	R1, R0, #4
0x04D4	0x483D    LDR	R0, [PC, #244]
0x04D6	0x6001    STR	R1, [R0, #0]
0x04D8	0xE027    B	L___Lib_System_4XX_InitialSetUpRCCRCC268
L___Lib_System_4XX_InitialSetUpRCCRCC267:
;__Lib_System_4XX.c, 513 :: 		
; Fosc_kHz start address is: 4 (R1)
0x04DA	0xF24D20F0  MOVW	R0, #54000
0x04DE	0x4281    CMP	R1, R0
0x04E0	0xD906    BLS	L___Lib_System_4XX_InitialSetUpRCCRCC269
; Fosc_kHz end address is: 4 (R1)
;__Lib_System_4XX.c, 514 :: 		
0x04E2	0x483A    LDR	R0, [PC, #232]
0x04E4	0x6800    LDR	R0, [R0, #0]
0x04E6	0xF0400103  ORR	R1, R0, #3
0x04EA	0x4838    LDR	R0, [PC, #224]
0x04EC	0x6001    STR	R1, [R0, #0]
0x04EE	0xE01C    B	L___Lib_System_4XX_InitialSetUpRCCRCC270
L___Lib_System_4XX_InitialSetUpRCCRCC269:
;__Lib_System_4XX.c, 515 :: 		
; Fosc_kHz start address is: 4 (R1)
0x04F0	0xF64840A0  MOVW	R0, #36000
0x04F4	0x4281    CMP	R1, R0
0x04F6	0xD906    BLS	L___Lib_System_4XX_InitialSetUpRCCRCC271
; Fosc_kHz end address is: 4 (R1)
;__Lib_System_4XX.c, 516 :: 		
0x04F8	0x4834    LDR	R0, [PC, #208]
0x04FA	0x6800    LDR	R0, [R0, #0]
0x04FC	0xF0400102  ORR	R1, R0, #2
0x0500	0x4832    LDR	R0, [PC, #200]
0x0502	0x6001    STR	R1, [R0, #0]
0x0504	0xE011    B	L___Lib_System_4XX_InitialSetUpRCCRCC272
L___Lib_System_4XX_InitialSetUpRCCRCC271:
;__Lib_System_4XX.c, 517 :: 		
; Fosc_kHz start address is: 4 (R1)
0x0506	0xF2446050  MOVW	R0, #18000
0x050A	0x4281    CMP	R1, R0
0x050C	0xD906    BLS	L___Lib_System_4XX_InitialSetUpRCCRCC273
; Fosc_kHz end address is: 4 (R1)
;__Lib_System_4XX.c, 518 :: 		
0x050E	0x482F    LDR	R0, [PC, #188]
0x0510	0x6800    LDR	R0, [R0, #0]
0x0512	0xF0400101  ORR	R1, R0, #1
0x0516	0x482D    LDR	R0, [PC, #180]
0x0518	0x6001    STR	R1, [R0, #0]
0x051A	0xE006    B	L___Lib_System_4XX_InitialSetUpRCCRCC274
L___Lib_System_4XX_InitialSetUpRCCRCC273:
;__Lib_System_4XX.c, 520 :: 		
0x051C	0x482B    LDR	R0, [PC, #172]
0x051E	0x6801    LDR	R1, [R0, #0]
0x0520	0xF06F0007  MVN	R0, #7
0x0524	0x4001    ANDS	R1, R0
0x0526	0x4829    LDR	R0, [PC, #164]
0x0528	0x6001    STR	R1, [R0, #0]
L___Lib_System_4XX_InitialSetUpRCCRCC274:
L___Lib_System_4XX_InitialSetUpRCCRCC272:
L___Lib_System_4XX_InitialSetUpRCCRCC270:
L___Lib_System_4XX_InitialSetUpRCCRCC268:
L___Lib_System_4XX_InitialSetUpRCCRCC266:
L___Lib_System_4XX_InitialSetUpRCCRCC264:
L___Lib_System_4XX_InitialSetUpRCCRCC262:
;__Lib_System_4XX.c, 521 :: 		
0x052A	0xE06F    B	L___Lib_System_4XX_InitialSetUpRCCRCC275
L___Lib_System_4XX_InitialSetUpRCCRCC260:
;__Lib_System_4XX.c, 522 :: 		
; Fosc_kHz start address is: 4 (R1)
; ulVOLTAGE_RANGE start address is: 0 (R0)
0x052C	0x2800    CMP	R0, #0
0x052E	0xF040806D  BNE	L___Lib_System_4XX_InitialSetUpRCCRCC276
; ulVOLTAGE_RANGE end address is: 0 (R0)
;__Lib_System_4XX.c, 523 :: 		
0x0532	0x482D    LDR	R0, [PC, #180]
0x0534	0x4281    CMP	R1, R0
0x0536	0xD906    BLS	L___Lib_System_4XX_InitialSetUpRCCRCC277
; Fosc_kHz end address is: 4 (R1)
;__Lib_System_4XX.c, 524 :: 		
0x0538	0x4824    LDR	R0, [PC, #144]
0x053A	0x6800    LDR	R0, [R0, #0]
0x053C	0xF0400107  ORR	R1, R0, #7
0x0540	0x4822    LDR	R0, [PC, #136]
0x0542	0x6001    STR	R1, [R0, #0]
0x0544	0xE062    B	L___Lib_System_4XX_InitialSetUpRCCRCC278
L___Lib_System_4XX_InitialSetUpRCCRCC277:
;__Lib_System_4XX.c, 525 :: 		
; Fosc_kHz start address is: 4 (R1)
0x0546	0x4825    LDR	R0, [PC, #148]
0x0548	0x4281    CMP	R1, R0
0x054A	0xD906    BLS	L___Lib_System_4XX_InitialSetUpRCCRCC279
; Fosc_kHz end address is: 4 (R1)
;__Lib_System_4XX.c, 526 :: 		
0x054C	0x481F    LDR	R0, [PC, #124]
0x054E	0x6800    LDR	R0, [R0, #0]
0x0550	0xF0400106  ORR	R1, R0, #6
0x0554	0x481D    LDR	R0, [PC, #116]
0x0556	0x6001    STR	R1, [R0, #0]
0x0558	0xE058    B	L___Lib_System_4XX_InitialSetUpRCCRCC280
L___Lib_System_4XX_InitialSetUpRCCRCC279:
;__Lib_System_4XX.c, 527 :: 		
; Fosc_kHz start address is: 4 (R1)
0x055A	0x4824    LDR	R0, [PC, #144]
0x055C	0x4281    CMP	R1, R0
0x055E	0xD906    BLS	L___Lib_System_4XX_InitialSetUpRCCRCC281
; Fosc_kHz end address is: 4 (R1)
;__Lib_System_4XX.c, 528 :: 		
0x0560	0x481A    LDR	R0, [PC, #104]
0x0562	0x6800    LDR	R0, [R0, #0]
0x0564	0xF0400105  ORR	R1, R0, #5
0x0568	0x4818    LDR	R0, [PC, #96]
0x056A	0x6001    STR	R1, [R0, #0]
0x056C	0xE04E    B	L___Lib_System_4XX_InitialSetUpRCCRCC282
L___Lib_System_4XX_InitialSetUpRCCRCC281:
;__Lib_System_4XX.c, 529 :: 		
; Fosc_kHz start address is: 4 (R1)
0x056E	0xF5B14F7A  CMP	R1, #64000
0x0572	0xD906    BLS	L___Lib_System_4XX_InitialSetUpRCCRCC283
; Fosc_kHz end address is: 4 (R1)
;__Lib_System_4XX.c, 530 :: 		
0x0574	0x4815    LDR	R0, [PC, #84]
0x0576	0x6800    LDR	R0, [R0, #0]
0x0578	0xF0400104  ORR	R1, R0, #4
0x057C	0x4813    LDR	R0, [PC, #76]
0x057E	0x6001    STR	R1, [R0, #0]
0x0580	0xE044    B	L___Lib_System_4XX_InitialSetUpRCCRCC284
L___Lib_System_4XX_InitialSetUpRCCRCC283:
;__Lib_System_4XX.c, 531 :: 		
; Fosc_kHz start address is: 4 (R1)
0x0582	0xF64B3080  MOVW	R0, #48000
0x0586	0x4281    CMP	R1, R0
0x0588	0xD906    BLS	L___Lib_System_4XX_InitialSetUpRCCRCC285
; Fosc_kHz end address is: 4 (R1)
;__Lib_System_4XX.c, 532 :: 		
0x058A	0x4810    LDR	R0, [PC, #64]
0x058C	0x6800    LDR	R0, [R0, #0]
0x058E	0xF0400103  ORR	R1, R0, #3
0x0592	0x480E    LDR	R0, [PC, #56]
0x0594	0x6001    STR	R1, [R0, #0]
0x0596	0xE039    B	L___Lib_System_4XX_InitialSetUpRCCRCC286
L___Lib_System_4XX_InitialSetUpRCCRCC285:
;__Lib_System_4XX.c, 533 :: 		
; Fosc_kHz start address is: 4 (R1)
0x0598	0xF5B14FFA  CMP	R1, #32000
0x059C	0xD906    BLS	L___Lib_System_4XX_InitialSetUpRCCRCC287
; Fosc_kHz end address is: 4 (R1)
;__Lib_System_4XX.c, 534 :: 		
0x059E	0x480B    LDR	R0, [PC, #44]
0x05A0	0x6800    LDR	R0, [R0, #0]
0x05A2	0xF0400102  ORR	R1, R0, #2
0x05A6	0x4809    LDR	R0, [PC, #36]
0x05A8	0x6001    STR	R1, [R0, #0]
0x05AA	0xE02F    B	L___Lib_System_4XX_InitialSetUpRCCRCC288
L___Lib_System_4XX_InitialSetUpRCCRCC287:
;__Lib_System_4XX.c, 535 :: 		
; Fosc_kHz start address is: 4 (R1)
0x05AC	0xF5B15F7A  CMP	R1, #16000
0x05B0	0xD925    BLS	L___Lib_System_4XX_InitialSetUpRCCRCC289
0x05B2	0xE01D    B	#58
0x05B4	0x00800109  	#17367168
0x05B8	0x32190440  	#71315993
0x05BC	0x10020000  	#4098
0x05C0	0x00030000  	#3
0x05C4	0x86A00001  	#100000
0x05C8	0x49F00002  	#150000
0x05CC	0x3C004002  	FLASH_ACR+0
0x05D0	0xD4C00001  	#120000
0x05D4	0x5F900001  	#90000
0x05D8	0x32800002  	#144000
0x05DC	0x77000001  	#96000
0x05E0	0x19400001  	#72000
0x05E4	0xA5E00001  	#108000
0x05E8	0xB5800001  	#112000
0x05EC	0x38800001  	#80000
; Fosc_kHz end address is: 4 (R1)
;__Lib_System_4XX.c, 536 :: 		
0x05F0	0x482D    LDR	R0, [PC, #180]
0x05F2	0x6800    LDR	R0, [R0, #0]
0x05F4	0xF0400101  ORR	R1, R0, #1
0x05F8	0x482B    LDR	R0, [PC, #172]
0x05FA	0x6001    STR	R1, [R0, #0]
0x05FC	0xE006    B	L___Lib_System_4XX_InitialSetUpRCCRCC290
L___Lib_System_4XX_InitialSetUpRCCRCC289:
;__Lib_System_4XX.c, 538 :: 		
0x05FE	0x482A    LDR	R0, [PC, #168]
0x0600	0x6801    LDR	R1, [R0, #0]
0x0602	0xF06F0007  MVN	R0, #7
0x0606	0x4001    ANDS	R1, R0
0x0608	0x4827    LDR	R0, [PC, #156]
0x060A	0x6001    STR	R1, [R0, #0]
L___Lib_System_4XX_InitialSetUpRCCRCC290:
L___Lib_System_4XX_InitialSetUpRCCRCC288:
L___Lib_System_4XX_InitialSetUpRCCRCC286:
L___Lib_System_4XX_InitialSetUpRCCRCC284:
L___Lib_System_4XX_InitialSetUpRCCRCC282:
L___Lib_System_4XX_InitialSetUpRCCRCC280:
L___Lib_System_4XX_InitialSetUpRCCRCC278:
;__Lib_System_4XX.c, 539 :: 		
L___Lib_System_4XX_InitialSetUpRCCRCC276:
L___Lib_System_4XX_InitialSetUpRCCRCC275:
L___Lib_System_4XX_InitialSetUpRCCRCC259:
L___Lib_System_4XX_InitialSetUpRCCRCC245:
;__Lib_System_4XX.c, 541 :: 		
0x060C	0x2101    MOVS	R1, #1
0x060E	0xB249    SXTB	R1, R1
0x0610	0x4826    LDR	R0, [PC, #152]
0x0612	0x6001    STR	R1, [R0, #0]
;__Lib_System_4XX.c, 542 :: 		
0x0614	0x4826    LDR	R0, [PC, #152]
0x0616	0x6001    STR	R1, [R0, #0]
;__Lib_System_4XX.c, 544 :: 		
0x0618	0xF7FFFDF6  BL	__Lib_System_4XX_SystemClockSetDefault+0
;__Lib_System_4XX.c, 546 :: 		
0x061C	0x4825    LDR	R0, [PC, #148]
0x061E	0x6003    STR	R3, [R0, #0]
; ulRCC_PLLCFGR end address is: 12 (R3)
;__Lib_System_4XX.c, 547 :: 		
0x0620	0x4825    LDR	R0, [PC, #148]
0x0622	0x6004    STR	R4, [R0, #0]
;__Lib_System_4XX.c, 548 :: 		
0x0624	0x4825    LDR	R0, [PC, #148]
0x0626	0xEA020100  AND	R1, R2, R0, LSL #0
0x062A	0x4825    LDR	R0, [PC, #148]
0x062C	0x6001    STR	R1, [R0, #0]
;__Lib_System_4XX.c, 550 :: 		
0x062E	0xF0020001  AND	R0, R2, #1
0x0632	0xB140    CBZ	R0, L___Lib_System_4XX_InitialSetUpRCCRCC2102
; ulRCC_CFGR end address is: 16 (R4)
; ulRCC_CR end address is: 8 (R2)
0x0634	0x4621    MOV	R1, R4
;__Lib_System_4XX.c, 551 :: 		
L___Lib_System_4XX_InitialSetUpRCCRCC292:
; ulRCC_CFGR start address is: 4 (R1)
; ulRCC_CR start address is: 8 (R2)
0x0636	0x4822    LDR	R0, [PC, #136]
0x0638	0x6800    LDR	R0, [R0, #0]
0x063A	0xF0000002  AND	R0, R0, #2
0x063E	0x2800    CMP	R0, #0
0x0640	0xD100    BNE	L___Lib_System_4XX_InitialSetUpRCCRCC293
;__Lib_System_4XX.c, 552 :: 		
0x0642	0xE7F8    B	L___Lib_System_4XX_InitialSetUpRCCRCC292
L___Lib_System_4XX_InitialSetUpRCCRCC293:
;__Lib_System_4XX.c, 553 :: 		
; ulRCC_CFGR end address is: 4 (R1)
0x0644	0xE000    B	L___Lib_System_4XX_InitialSetUpRCCRCC291
; ulRCC_CR end address is: 8 (R2)
L___Lib_System_4XX_InitialSetUpRCCRCC2102:
;__Lib_System_4XX.c, 550 :: 		
0x0646	0x4621    MOV	R1, R4
;__Lib_System_4XX.c, 553 :: 		
L___Lib_System_4XX_InitialSetUpRCCRCC291:
;__Lib_System_4XX.c, 555 :: 		
; ulRCC_CFGR start address is: 4 (R1)
; ulRCC_CR start address is: 8 (R2)
0x0648	0xF4023080  AND	R0, R2, #65536
0x064C	0xB148    CBZ	R0, L___Lib_System_4XX_InitialSetUpRCCRCC2103
; ulRCC_CR end address is: 8 (R2)
; ulRCC_CFGR end address is: 4 (R1)
;__Lib_System_4XX.c, 556 :: 		
L___Lib_System_4XX_InitialSetUpRCCRCC295:
; ulRCC_CR start address is: 8 (R2)
; ulRCC_CFGR start address is: 4 (R1)
0x064E	0x481C    LDR	R0, [PC, #112]
0x0650	0x6800    LDR	R0, [R0, #0]
0x0652	0xF4003000  AND	R0, R0, #131072
0x0656	0xB900    CBNZ	R0, L___Lib_System_4XX_InitialSetUpRCCRCC296
;__Lib_System_4XX.c, 557 :: 		
0x0658	0xE7F9    B	L___Lib_System_4XX_InitialSetUpRCCRCC295
L___Lib_System_4XX_InitialSetUpRCCRCC296:
;__Lib_System_4XX.c, 558 :: 		
0x065A	0x9201    STR	R2, [SP, #4]
; ulRCC_CFGR end address is: 4 (R1)
0x065C	0x460A    MOV	R2, R1
0x065E	0x9901    LDR	R1, [SP, #4]
0x0660	0xE002    B	L___Lib_System_4XX_InitialSetUpRCCRCC294
; ulRCC_CR end address is: 8 (R2)
L___Lib_System_4XX_InitialSetUpRCCRCC2103:
;__Lib_System_4XX.c, 555 :: 		
0x0662	0x9101    STR	R1, [SP, #4]
0x0664	0x4611    MOV	R1, R2
0x0666	0x9A01    LDR	R2, [SP, #4]
;__Lib_System_4XX.c, 558 :: 		
L___Lib_System_4XX_InitialSetUpRCCRCC294:
;__Lib_System_4XX.c, 560 :: 		
; ulRCC_CR start address is: 4 (R1)
; ulRCC_CFGR start address is: 8 (R2)
0x0668	0xF0017080  AND	R0, R1, #16777216
; ulRCC_CR end address is: 4 (R1)
0x066C	0xB170    CBZ	R0, L___Lib_System_4XX_InitialSetUpRCCRCC2104
;__Lib_System_4XX.c, 561 :: 		
0x066E	0x4814    LDR	R0, [PC, #80]
0x0670	0x6800    LDR	R0, [R0, #0]
0x0672	0xF0407180  ORR	R1, R0, #16777216
0x0676	0x4812    LDR	R0, [PC, #72]
0x0678	0x6001    STR	R1, [R0, #0]
; ulRCC_CFGR end address is: 8 (R2)
0x067A	0x4611    MOV	R1, R2
;__Lib_System_4XX.c, 562 :: 		
L___Lib_System_4XX_InitialSetUpRCCRCC298:
; ulRCC_CFGR start address is: 4 (R1)
0x067C	0x4810    LDR	R0, [PC, #64]
0x067E	0x6800    LDR	R0, [R0, #0]
0x0680	0xF0007000  AND	R0, R0, #33554432
0x0684	0xB900    CBNZ	R0, L___Lib_System_4XX_InitialSetUpRCCRCC299
;__Lib_System_4XX.c, 563 :: 		
0x0686	0xE7F9    B	L___Lib_System_4XX_InitialSetUpRCCRCC298
L___Lib_System_4XX_InitialSetUpRCCRCC299:
;__Lib_System_4XX.c, 564 :: 		
0x0688	0x460A    MOV	R2, R1
0x068A	0xE7FF    B	L___Lib_System_4XX_InitialSetUpRCCRCC297
; ulRCC_CFGR end address is: 4 (R1)
L___Lib_System_4XX_InitialSetUpRCCRCC2104:
;__Lib_System_4XX.c, 560 :: 		
;__Lib_System_4XX.c, 564 :: 		
L___Lib_System_4XX_InitialSetUpRCCRCC297:
;__Lib_System_4XX.c, 567 :: 		
; ulRCC_CFGR start address is: 8 (R2)
; ulRCC_CFGR end address is: 8 (R2)
L___Lib_System_4XX_InitialSetUpRCCRCC2100:
; ulRCC_CFGR start address is: 8 (R2)
0x068C	0x480A    LDR	R0, [PC, #40]
0x068E	0x6800    LDR	R0, [R0, #0]
0x0690	0xF000010C  AND	R1, R0, #12
0x0694	0x0090    LSLS	R0, R2, #2
0x0696	0xF000000C  AND	R0, R0, #12
0x069A	0x4281    CMP	R1, R0
0x069C	0xD000    BEQ	L___Lib_System_4XX_InitialSetUpRCCRCC2101
;__Lib_System_4XX.c, 568 :: 		
; ulRCC_CFGR end address is: 8 (R2)
0x069E	0xE7F5    B	L___Lib_System_4XX_InitialSetUpRCCRCC2100
L___Lib_System_4XX_InitialSetUpRCCRCC2101:
;__Lib_System_4XX.c, 570 :: 		
L_end_InitialSetUpRCCRCC2:
0x06A0	0xF8DDE000  LDR	LR, [SP, #0]
0x06A4	0xB002    ADD	SP, SP, #8
0x06A6	0x4770    BX	LR
0x06A8	0x3C004002  	FLASH_ACR+0
0x06AC	0x80204247  	FLASH_ACR+0
0x06B0	0x80244247  	FLASH_ACR+0
0x06B4	0x38044002  	RCC_PLLCFGR+0
0x06B8	0x38084002  	RCC_CFGR+0
0x06BC	0xFFFF000F  	#1048575
0x06C0	0x38004002  	RCC_CR+0
; end of __Lib_System_4XX_InitialSetUpRCCRCC2
__Lib_System_4XX_SystemClockSetDefault:
;__Lib_System_4XX.c, 444 :: 		
0x0208	0xB081    SUB	SP, SP, #4
;__Lib_System_4XX.c, 447 :: 		
0x020A	0x480D    LDR	R0, [PC, #52]
0x020C	0x6800    LDR	R0, [R0, #0]
0x020E	0xF0400101  ORR	R1, R0, #1
0x0212	0x480B    LDR	R0, [PC, #44]
0x0214	0x6001    STR	R1, [R0, #0]
;__Lib_System_4XX.c, 450 :: 		
0x0216	0x2100    MOVS	R1, #0
0x0218	0x480A    LDR	R0, [PC, #40]
0x021A	0x6001    STR	R1, [R0, #0]
;__Lib_System_4XX.c, 453 :: 		
0x021C	0x4808    LDR	R0, [PC, #32]
0x021E	0x6801    LDR	R1, [R0, #0]
0x0220	0x4809    LDR	R0, [PC, #36]
0x0222	0x4001    ANDS	R1, R0
0x0224	0x4806    LDR	R0, [PC, #24]
0x0226	0x6001    STR	R1, [R0, #0]
;__Lib_System_4XX.c, 456 :: 		
0x0228	0x4908    LDR	R1, [PC, #32]
0x022A	0x4809    LDR	R0, [PC, #36]
0x022C	0x6001    STR	R1, [R0, #0]
;__Lib_System_4XX.c, 459 :: 		
0x022E	0x4804    LDR	R0, [PC, #16]
0x0230	0x6801    LDR	R1, [R0, #0]
0x0232	0xF46F2080  MVN	R0, #262144
0x0236	0x4001    ANDS	R1, R0
0x0238	0x4801    LDR	R0, [PC, #4]
0x023A	0x6001    STR	R1, [R0, #0]
;__Lib_System_4XX.c, 463 :: 		
L_end_SystemClockSetDefault:
0x023C	0xB001    ADD	SP, SP, #4
0x023E	0x4770    BX	LR
0x0240	0x38004002  	RCC_CR+0
0x0244	0x38084002  	RCC_CFGR+0
0x0248	0xFFFFFEF6  	#-17367041
0x024C	0x30102400  	#603992080
0x0250	0x38044002  	RCC_PLLCFGR+0
; end of __Lib_System_4XX_SystemClockSetDefault
__Lib_System_4XX_InitialSetUpFosc:
;__Lib_System_4XX.c, 382 :: 		
0x0340	0xB081    SUB	SP, SP, #4
;__Lib_System_4XX.c, 383 :: 		
0x0342	0x4904    LDR	R1, [PC, #16]
0x0344	0x4804    LDR	R0, [PC, #16]
0x0346	0x6001    STR	R1, [R0, #0]
;__Lib_System_4XX.c, 384 :: 		
0x0348	0x4904    LDR	R1, [PC, #16]
0x034A	0x4805    LDR	R0, [PC, #20]
0x034C	0x6001    STR	R1, [R0, #0]
;__Lib_System_4XX.c, 385 :: 		
L_end_InitialSetUpFosc:
0x034E	0xB001    ADD	SP, SP, #4
0x0350	0x4770    BX	LR
0x0352	0xBF00    NOP
0x0354	0x86A00001  	#100000
0x0358	0x00042000  	___System_CLOCK_IN_KHZ+0
0x035C	0x00030000  	#3
0x0360	0x00082000  	__VOLTAGE_RANGE+0
; end of __Lib_System_4XX_InitialSetUpFosc
___GenExcept:
;__Lib_System_4XX.c, 327 :: 		
0x030C	0xB081    SUB	SP, SP, #4
;__Lib_System_4XX.c, 328 :: 		
L___GenExcept30:
0x030E	0xE7FE    B	L___GenExcept30
;__Lib_System_4XX.c, 329 :: 		
L_end___GenExcept:
0x0310	0xB001    ADD	SP, SP, #4
0x0312	0x4770    BX	LR
; end of ___GenExcept
___EnableFPU:
;__Lib_System_4XX.c, 360 :: 		
0x0314	0xB081    SUB	SP, SP, #4
;__Lib_System_4XX.c, 363 :: 		
0x0316	0xF64E5088  MOVW	R0, #60808
;__Lib_System_4XX.c, 364 :: 		
0x031A	0xF2CE0000  MOVT	R0, #57344
;__Lib_System_4XX.c, 366 :: 		
0x031E	0x6801    LDR	R1, [R0, #0]
;__Lib_System_4XX.c, 368 :: 		
0x0320	0xF4410170  ORR	R1, R1, #15728640
;__Lib_System_4XX.c, 370 :: 		
0x0324	0x6001    STR	R1, [R0, #0]
;__Lib_System_4XX.c, 372 :: 		
0x0326	0xBF00    NOP
;__Lib_System_4XX.c, 373 :: 		
0x0328	0xBF00    NOP
;__Lib_System_4XX.c, 374 :: 		
0x032A	0xBF00    NOP
;__Lib_System_4XX.c, 375 :: 		
0x032C	0xBF00    NOP
;__Lib_System_4XX.c, 377 :: 		
0x032E	0xEEF10A10  VMRS	R0, FPSCR
;__Lib_System_4XX.c, 378 :: 		
0x0332	0xF4400040  ORR	R0, R0, #12582912
;__Lib_System_4XX.c, 379 :: 		
0x0336	0xEEE10A10  VMSR	FPSCR, R0
;__Lib_System_4XX.c, 380 :: 		
L_end___EnableFPU:
0x033A	0xB001    ADD	SP, SP, #4
0x033C	0x4770    BX	LR
; end of ___EnableFPU
0x06FC	0xB500    PUSH	(R14)
0x06FE	0xF8DFB010  LDR	R11, [PC, #16]
0x0702	0xF8DFA010  LDR	R10, [PC, #16]
0x0706	0xF7FFFDA5  BL	596
0x070A	0xBD00    POP	(R15)
0x070C	0x4770    BX	LR
0x070E	0xBF00    NOP
0x0710	0x00002000  	#536870912
0x0714	0x000C2000  	#536870924
Symbol List:
//** Routines locations **
//ADDRESS    SIZE    PROCEDURE
//----------------------------------------------
0x0198      [92]    _boton
0x01F4      [20]    ___CC2DW
0x0208      [76]    __Lib_System_4XX_SystemClockSetDefault
0x0254      [58]    ___FillZeros
0x0290     [124]    _ini_puertos
0x030C       [8]    ___GenExcept
0x0314      [42]    ___EnableFPU
0x0340      [36]    __Lib_System_4XX_InitialSetUpFosc
0x0364     [864]    __Lib_System_4XX_InitialSetUpRCCRCC2
0x06C8      [52]    _main
//** Variables locations ** 
//ADDRESS    SIZE    VARIABLE
//----------------------------------------------
0x20000000       [0]    _flagx
0x20000001       [1]    _contx
0x20000004       [4]    ___System_CLOCK_IN_KHZ
0x20000008       [4]    __VOLTAGE_RANGE
